   1                             		.file	"gcc_rx_project.c"
   2                             		.section P,"ax"
   3                             	.Ltext0:
   4                             		.section	.text.main,"ax",@progbits
   5                             		.global	_main
   7                             	_main:
   8                             	.LFB0:
   9                             		.file 1 "../src/gcc_rx_project.c"
   1:../src/gcc_rx_project.c **** /***************************************************************/
   2:../src/gcc_rx_project.c **** /*                                                             */
   3:../src/gcc_rx_project.c **** /*      PROJECT NAME :  gcc_rx_project                         */
   4:../src/gcc_rx_project.c **** /*      FILE         :  gcc_rx_project.c                       */
   5:../src/gcc_rx_project.c **** /*      DESCRIPTION  :  Main Program                           */
   6:../src/gcc_rx_project.c **** /*                                                             */
   7:../src/gcc_rx_project.c **** /*      This file was generated by e2 studio.                  */
   8:../src/gcc_rx_project.c **** /*                                                             */
   9:../src/gcc_rx_project.c **** /***************************************************************/
  10:../src/gcc_rx_project.c **** 
  11:../src/gcc_rx_project.c **** #include "iodefine.h"
  12:../src/gcc_rx_project.c **** 
  13:../src/gcc_rx_project.c **** #ifdef CPPAPP
  14:../src/gcc_rx_project.c **** //Initialize global constructors
  15:../src/gcc_rx_project.c **** extern void __main()
  16:../src/gcc_rx_project.c **** {
  17:../src/gcc_rx_project.c ****   static int initialized;
  18:../src/gcc_rx_project.c ****   if (! initialized)
  19:../src/gcc_rx_project.c ****     {
  20:../src/gcc_rx_project.c ****       typedef void (*pfunc) ();
  21:../src/gcc_rx_project.c ****       extern pfunc __ctors[];
  22:../src/gcc_rx_project.c ****       extern pfunc __ctors_end[];
  23:../src/gcc_rx_project.c ****       pfunc *p;
  24:../src/gcc_rx_project.c **** 
  25:../src/gcc_rx_project.c ****       initialized = 1;
  26:../src/gcc_rx_project.c ****       for (p = __ctors_end; p > __ctors; )
  27:../src/gcc_rx_project.c ****     (*--p) ();
  28:../src/gcc_rx_project.c **** 
  29:../src/gcc_rx_project.c ****     }
  30:../src/gcc_rx_project.c **** }
  31:../src/gcc_rx_project.c **** #endif 
  32:../src/gcc_rx_project.c **** 
  33:../src/gcc_rx_project.c **** int main(void) {
  10                             		.loc 1 33 16
  11 0000 7E AA                   		push.l	r10
  12                             	.LCFI0:
  13 0002 EF 0A                   		mov.L	r0, r10
  14                             	.LCFI1:
  15                             	.L2:
  34:../src/gcc_rx_project.c **** 
  35:../src/gcc_rx_project.c ****     while(1) {
  16                             		.loc 1 35 10 discriminator 1
  17 0004 2E 00                   		bra	.L2
  18                             	.LFE0:
  56                             	.Letext0:
