   1                             		.file	"gcc_rx_project.cpp"
   2                             		.section P,"ax"
   3                             	.Ltext0:
   4                             		.section	.bss._ZZ6__mainvE11initialized,"aw",@nobits
   5                             		.balign 4
   8                             	__ZZ6__mainvE11initialized:
   9 0000 00 00 00 00             		.zero	4
  10                             		.section	.text._Z6__mainv,"ax",@progbits
  11                             		.global	__Z6__mainv
  13                             	__Z6__mainv:
  14                             	.LFB0:
  15                             		.file 1 "../src/gcc_rx_project.cpp"
   1:../src/gcc_rx_project.cpp **** /***************************************************************/
   2:../src/gcc_rx_project.cpp **** /*                                                             */
   3:../src/gcc_rx_project.cpp **** /*      PROJECT NAME :  gcc_rx_project                         */
   4:../src/gcc_rx_project.cpp **** /*      FILE         :  gcc_rx_project.cpp                     */
   5:../src/gcc_rx_project.cpp **** /*      DESCRIPTION  :  Main Program                           */
   6:../src/gcc_rx_project.cpp **** /*                                                             */
   7:../src/gcc_rx_project.cpp **** /*      This file was generated by e2 studio.                  */
   8:../src/gcc_rx_project.cpp **** /*                                                             */
   9:../src/gcc_rx_project.cpp **** /***************************************************************/
  10:../src/gcc_rx_project.cpp **** 
  11:../src/gcc_rx_project.cpp **** #include "iodefine.h"
  12:../src/gcc_rx_project.cpp **** 
  13:../src/gcc_rx_project.cpp **** #ifdef CPPAPP
  14:../src/gcc_rx_project.cpp **** //Initialize global constructors
  15:../src/gcc_rx_project.cpp **** extern void __main()
  16:../src/gcc_rx_project.cpp **** {
  16                             		.loc 1 16 1
  17 0000 7E AA                   		push.l	r10
  18                             	.LCFI0:
  19 0002 71 0A FC                		add	#-4, r0, r10
  20                             	.LCFI1:
  21 0005 EF A0                   		mov.L	r10, r0
  22                             	.LBB2:
  17:../src/gcc_rx_project.cpp ****   static int initialized;
  18:../src/gcc_rx_project.cpp ****   if (! initialized)
  23                             		.loc 1 18 7
  24 0007 FB 52 00 00 00 00       		mov.L	#__ZZ6__mainvE11initialized, r5
  25 000d EC 55                   		mov.L	[r5], r5
  26                             		.loc 1 18 3
  27 000f 61 05                   		cmp	#0, r5
  28 0011 21 29                   		bne	.L5
  29                             	.LBB3:
  19:../src/gcc_rx_project.cpp ****     {
  20:../src/gcc_rx_project.cpp ****       typedef void (*pfunc) ();
  21:../src/gcc_rx_project.cpp ****       extern pfunc __ctors[];
  22:../src/gcc_rx_project.cpp ****       extern pfunc __ctors_end[];
  23:../src/gcc_rx_project.cpp ****       pfunc *p;
  24:../src/gcc_rx_project.cpp **** 
  25:../src/gcc_rx_project.cpp ****       initialized = 1;
  30                             		.loc 1 25 19
  31 0013 FB 52 00 00 00 00       		mov.L	#__ZZ6__mainvE11initialized, r5
  32 0019 F8 56 01                		mov.L	#1, [r5]
  26:../src/gcc_rx_project.cpp ****       for (p = __ctors_end; p > __ctors; )
  33                             		.loc 1 26 14
  34 001c F8 A2 00 00 00 00       		mov.L	#___ctors_end, [r10]
  35                             	.L4:
  36                             		.loc 1 26 31 discriminator 1
  37 0022 EC A5                   		mov.L	[r10], r5
  38 0024 74 05 00 00 00 00       		cmp	#___ctors, r5
  39 002a 25 10                   		bleu	.L5
  27:../src/gcc_rx_project.cpp ****     (*--p) ();
  40                             		.loc 1 27 12
  41 002c EC A5                   		mov.L	[r10], r5
  42 002e 60 45                   		sub	#4, r5
  43 0030 E3 A5                   		mov.L	r5, [r10]
  44                             		.loc 1 27 6
  45 0032 EC A5                   		mov.L	[r10], r5
  46 0034 EC 55                   		mov.L	[r5], r5
  47                             		.loc 1 27 12
  48 0036 7F 15                   		jsr	r5
  49                             	.LVL0:
  26:../src/gcc_rx_project.cpp ****       for (p = __ctors_end; p > __ctors; )
  50                             		.loc 1 26 7
  51 0038 2E EA                   		bra	.L4
  52                             	.L5:
  53                             	.LBE3:
  54                             	.LBE2:
  28:../src/gcc_rx_project.cpp **** 
  29:../src/gcc_rx_project.cpp ****     }
  30:../src/gcc_rx_project.cpp **** }
  55                             		.loc 1 30 1
  56 003a 03                      		nop
  57 003b 3F AA 02                		rtsd	#8, r10-r10
  58                             	.LFE0:
  60                             		.section	.text.main,"ax",@progbits
  61                             		.global	_main
  63                             	_main:
  64                             	.LFB1:
  31:../src/gcc_rx_project.cpp **** #endif 
  32:../src/gcc_rx_project.cpp **** 
  33:../src/gcc_rx_project.cpp **** int main(void) {
  65                             		.loc 1 33 16
  66 0000 7E AA                   		push.l	r10
  67                             	.LCFI2:
  68 0002 EF 0A                   		mov.L	r0, r10
  69                             	.LCFI3:
  70                             	.L7:
  34:../src/gcc_rx_project.cpp **** 
  35:../src/gcc_rx_project.cpp ****     while(1) {
  71                             		.loc 1 35 5 discriminator 1
  72 0004 2E 00                   		bra	.L7
  73                             	.LFE1:
 130                             	.Letext0:
